<?xml version="1.0" encoding="UTF-8"?>
<testsuite name="shopputil.ShopTest" tests="1" skipped="0" failures="0" errors="0" timestamp="2017-04-14T18:55:23" hostname="sam-PC" time="5.189">
  <properties/>
  <testcase name="testGetNearestShop" classname="shopputil.ShopTest" time="5.189"/>
  <system-out><![CDATA[11:55:15.781 [Test worker] DEBUG o.s.t.c.j.SpringJUnit4ClassRunner - SpringJUnit4ClassRunner constructor called with [class shopputil.ShopTest]
11:55:15.791 [Test worker] DEBUG o.s.test.context.BootstrapUtils - Instantiating CacheAwareContextLoaderDelegate from class [org.springframework.test.context.cache.DefaultCacheAwareContextLoaderDelegate]
11:55:15.802 [Test worker] DEBUG o.s.test.context.BootstrapUtils - Instantiating BootstrapContext using constructor [public org.springframework.test.context.support.DefaultBootstrapContext(java.lang.Class,org.springframework.test.context.CacheAwareContextLoaderDelegate)]
11:55:15.834 [Test worker] DEBUG o.s.test.context.BootstrapUtils - Instantiating TestContextBootstrapper for test class [shopputil.ShopTest] from class [org.springframework.boot.test.WebAppIntegrationTestContextBootstrapper]
11:55:15.871 [Test worker] DEBUG o.s.b.t.WebAppIntegrationTestContextBootstrapper - Found explicit ContextLoader class [org.springframework.boot.test.SpringApplicationContextLoader] for context configuration attributes [ContextConfigurationAttributes@1a7aa5a declaringClass = 'shopputil.ShopTest', classes = '{class com.shop.MainApplication}', locations = '{}', inheritLocations = true, initializers = '{}', inheritInitializers = true, name = [null], contextLoaderClass = 'org.springframework.boot.test.SpringApplicationContextLoader']
11:55:15.887 [Test worker] DEBUG o.s.t.c.s.AbstractContextLoader - Did not detect default resource location for test class [shopputil.ShopTest]: class path resource [shopputil/ShopTest-context.xml] does not exist
11:55:15.891 [Test worker] DEBUG o.s.t.c.s.AbstractContextLoader - Did not detect default resource location for test class [shopputil.ShopTest]: class path resource [shopputil/ShopTestContext.groovy] does not exist
11:55:15.893 [Test worker] INFO  o.s.t.c.s.AbstractContextLoader - Could not detect default resource locations for test class [shopputil.ShopTest]: no resource found for suffixes {-context.xml, Context.groovy}.
11:55:15.897 [Test worker] DEBUG o.s.t.c.support.ActiveProfilesUtils - Could not find an 'annotation declaring class' for annotation type [org.springframework.test.context.ActiveProfiles] and class [shopputil.ShopTest]
11:55:15.926 [Test worker] DEBUG o.s.test.util.ReflectionTestUtils - Setting field 'propertySourceProperties' of type [null] on target object [[WebMergedContextConfiguration@107f6aa testClass = ShopTest, locations = '{}', classes = '{class com.shop.MainApplication}', contextInitializerClasses = '[]', activeProfiles = '{}', propertySourceLocations = '{}', propertySourceProperties = '{}', resourceBasePath = '', contextLoader = 'org.springframework.boot.test.SpringApplicationContextLoader', parent = [null]]] or target class [class org.springframework.test.context.web.WebMergedContextConfiguration] to value [[Ljava.lang.String;@56ccc0]
11:55:15.927 [Test worker] DEBUG o.s.b.t.WebAppIntegrationTestContextBootstrapper - @TestExecutionListeners is not present for class [shopputil.ShopTest]: using defaults.
11:55:15.937 [Test worker] INFO  o.s.b.t.WebAppIntegrationTestContextBootstrapper - Loaded default TestExecutionListener class names from location [META-INF/spring.factories]: [org.springframework.test.context.web.ServletTestExecutionListener, org.springframework.test.context.support.DirtiesContextBeforeModesTestExecutionListener, org.springframework.test.context.support.DependencyInjectionTestExecutionListener, org.springframework.test.context.support.DirtiesContextTestExecutionListener, org.springframework.test.context.transaction.TransactionalTestExecutionListener, org.springframework.test.context.jdbc.SqlScriptsTestExecutionListener]
11:55:15.945 [Test worker] INFO  o.s.b.t.WebAppIntegrationTestContextBootstrapper - Could not instantiate TestExecutionListener [org.springframework.test.context.jdbc.SqlScriptsTestExecutionListener]. Specify custom listener classes or make the default listener classes (and their required dependencies) available. Offending class: [org/springframework/transaction/interceptor/TransactionAttribute]
11:55:15.954 [Test worker] INFO  o.s.b.t.WebAppIntegrationTestContextBootstrapper - Could not instantiate TestExecutionListener [org.springframework.test.context.transaction.TransactionalTestExecutionListener]. Specify custom listener classes or make the default listener classes (and their required dependencies) available. Offending class: [org/springframework/transaction/interceptor/TransactionAttributeSource]
11:55:15.957 [Test worker] INFO  o.s.b.t.WebAppIntegrationTestContextBootstrapper - Using TestExecutionListeners: [org.springframework.test.context.web.ServletTestExecutionListener@e912f8, org.springframework.test.context.support.DirtiesContextBeforeModesTestExecutionListener@c57cfe, org.springframework.test.context.support.DependencyInjectionTestExecutionListener@28ea68, org.springframework.test.context.support.DirtiesContextTestExecutionListener@195cef4]
11:55:15.967 [Test worker] DEBUG o.s.t.annotation.ProfileValueUtils - Retrieved @ProfileValueSourceConfiguration [null] for test class [shopputil.ShopTest]
11:55:15.968 [Test worker] DEBUG o.s.t.annotation.ProfileValueUtils - Retrieved ProfileValueSource type [class org.springframework.test.annotation.SystemProfileValueSource] for class [shopputil.ShopTest]
11:55:15.971 [Test worker] DEBUG o.s.t.annotation.ProfileValueUtils - Retrieved @ProfileValueSourceConfiguration [null] for test class [shopputil.ShopTest]
11:55:15.973 [Test worker] DEBUG o.s.t.annotation.ProfileValueUtils - Retrieved ProfileValueSource type [class org.springframework.test.annotation.SystemProfileValueSource] for class [shopputil.ShopTest]
11:55:15.979 [Test worker] DEBUG o.s.t.c.s.AbstractDirtiesContextTestExecutionListener - Before test class: context [DefaultTestContext@1632d4c testClass = ShopTest, testInstance = [null], testMethod = [null], testException = [null], mergedContextConfiguration = [WebMergedContextConfiguration@107f6aa testClass = ShopTest, locations = '{}', classes = '{class com.shop.MainApplication}', contextInitializerClasses = '[]', activeProfiles = '{}', propertySourceLocations = '{}', propertySourceProperties = '{org.springframework.boot.test.IntegrationTest=true}', resourceBasePath = '', contextLoader = 'org.springframework.boot.test.SpringApplicationContextLoader', parent = [null]]], class annotated with @DirtiesContext [false] with mode [null].
11:55:15.981 [Test worker] DEBUG o.s.t.annotation.ProfileValueUtils - Retrieved @ProfileValueSourceConfiguration [null] for test class [shopputil.ShopTest]
11:55:15.981 [Test worker] DEBUG o.s.t.annotation.ProfileValueUtils - Retrieved ProfileValueSource type [class org.springframework.test.annotation.SystemProfileValueSource] for class [shopputil.ShopTest]
11:55:15.986 [Test worker] DEBUG o.s.t.c.s.DependencyInjectionTestExecutionListener - Performing dependency injection for test context [[DefaultTestContext@1632d4c testClass = ShopTest, testInstance = shopputil.ShopTest@175ae31, testMethod = [null], testException = [null], mergedContextConfiguration = [WebMergedContextConfiguration@107f6aa testClass = ShopTest, locations = '{}', classes = '{class com.shop.MainApplication}', contextInitializerClasses = '[]', activeProfiles = '{}', propertySourceLocations = '{}', propertySourceProperties = '{org.springframework.boot.test.IntegrationTest=true}', resourceBasePath = '', contextLoader = 'org.springframework.boot.test.SpringApplicationContextLoader', parent = [null]]]].
11:55:16.150 [Test worker] DEBUG o.s.core.env.StandardEnvironment - Adding [systemProperties] PropertySource with lowest search precedence
11:55:16.151 [Test worker] DEBUG o.s.core.env.StandardEnvironment - Adding [systemEnvironment] PropertySource with lowest search precedence
11:55:16.152 [Test worker] DEBUG o.s.core.env.StandardEnvironment - Initialized StandardEnvironment with PropertySources [systemProperties,systemEnvironment]
11:55:16.156 [Test worker] DEBUG o.s.core.env.StandardEnvironment - Adding [integrationTest] PropertySource with search precedence immediately lower than [systemEnvironment]

  .   ____          _            __ _ _
 /\\ / ___'_ __ _ _(_)_ __  __ _ \ \ \ \
( ( )\___ | '_ | '_| | '_ \/ _` | \ \ \ \
 \\/  ___)| |_)| | | | | || (_| |  ) ) ) )
  '  |____| .__|_| |_|_| |_\__, | / / / /
 =========|_|==============|___/=/_/_/_/
 :: Spring Boot ::        (v1.3.1.RELEASE)

2017-04-14 11:55:17.675  INFO 4376 --- [    Test worker] shopputil.ShopTest                       : Starting ShopTest on sam-PC with PID 4376 (E:\projects\shopputil\build\classes\test started by sam in E:\projects\shopputil)
2017-04-14 11:55:17.676  INFO 4376 --- [    Test worker] shopputil.ShopTest                       : No active profile set, falling back to default profiles: default
2017-04-14 11:55:17.827  INFO 4376 --- [    Test worker] ationConfigEmbeddedWebApplicationContext : Refreshing org.springframework.boot.context.embedded.AnnotationConfigEmbeddedWebApplicationContext@1917172: startup date [Fri Apr 14 11:55:17 PDT 2017]; root of context hierarchy
2017-04-14 11:55:19.369  INFO 4376 --- [    Test worker] o.s.b.f.s.DefaultListableBeanFactory     : Overriding bean definition for bean 'beanNameViewResolver' with a different definition: replacing [Root bean: class [null]; scope=; abstract=false; lazyInit=false; autowireMode=3; dependencyCheck=0; autowireCandidate=true; primary=false; factoryBeanName=org.springframework.boot.autoconfigure.web.ErrorMvcAutoConfiguration$WhitelabelErrorViewConfiguration; factoryMethodName=beanNameViewResolver; initMethodName=null; destroyMethodName=(inferred); defined in class path resource [org/springframework/boot/autoconfigure/web/ErrorMvcAutoConfiguration$WhitelabelErrorViewConfiguration.class]] with [Root bean: class [null]; scope=; abstract=false; lazyInit=false; autowireMode=3; dependencyCheck=0; autowireCandidate=true; primary=false; factoryBeanName=org.springframework.boot.autoconfigure.web.WebMvcAutoConfiguration$WebMvcAutoConfigurationAdapter; factoryMethodName=beanNameViewResolver; initMethodName=null; destroyMethodName=(inferred); defined in class path resource [org/springframework/boot/autoconfigure/web/WebMvcAutoConfiguration$WebMvcAutoConfigurationAdapter.class]]
2017-04-14 11:55:20.634  INFO 4376 --- [    Test worker] s.b.c.e.t.TomcatEmbeddedServletContainer : Tomcat initialized with port(s): 8080 (http)
2017-04-14 11:55:20.669  INFO 4376 --- [    Test worker] o.apache.catalina.core.StandardService   : Starting service Tomcat
2017-04-14 11:55:20.671  INFO 4376 --- [    Test worker] org.apache.catalina.core.StandardEngine  : Starting Servlet Engine: Apache Tomcat/8.0.30
2017-04-14 11:55:20.876  INFO 4376 --- [ost-startStop-1] o.a.c.c.C.[.[localhost].[/shop-app]      : Initializing Spring embedded WebApplicationContext
2017-04-14 11:55:20.876  INFO 4376 --- [ost-startStop-1] o.s.web.context.ContextLoader            : Root WebApplicationContext: initialization completed in 3059 ms
2017-04-14 11:55:21.561  INFO 4376 --- [ost-startStop-1] o.s.b.c.e.ServletRegistrationBean        : Mapping servlet: 'dispatcherServlet' to [/]
2017-04-14 11:55:21.569  INFO 4376 --- [ost-startStop-1] o.s.b.c.embedded.FilterRegistrationBean  : Mapping filter: 'characterEncodingFilter' to: [/*]
2017-04-14 11:55:21.570  INFO 4376 --- [ost-startStop-1] o.s.b.c.embedded.FilterRegistrationBean  : Mapping filter: 'hiddenHttpMethodFilter' to: [/*]
2017-04-14 11:55:21.571  INFO 4376 --- [ost-startStop-1] o.s.b.c.embedded.FilterRegistrationBean  : Mapping filter: 'httpPutFormContentFilter' to: [/*]
2017-04-14 11:55:21.572  INFO 4376 --- [ost-startStop-1] o.s.b.c.embedded.FilterRegistrationBean  : Mapping filter: 'requestContextFilter' to: [/*]
2017-04-14 11:55:22.107  INFO 4376 --- [    Test worker] s.w.s.m.m.a.RequestMappingHandlerAdapter : Looking for @ControllerAdvice: org.springframework.boot.context.embedded.AnnotationConfigEmbeddedWebApplicationContext@1917172: startup date [Fri Apr 14 11:55:17 PDT 2017]; root of context hierarchy
2017-04-14 11:55:22.305  INFO 4376 --- [    Test worker] s.w.s.m.m.a.RequestMappingHandlerMapping : Mapped "{[/test]}" onto public java.lang.String com.shop.api.ShopApi.getData()
2017-04-14 11:55:22.307  INFO 4376 --- [    Test worker] s.w.s.m.m.a.RequestMappingHandlerMapping : Mapped "{[/shop],methods=[GET]}" onto public com.shop.response.NearestShopResponse com.shop.api.ShopApi.getNearestShop(java.lang.String,java.lang.String)
2017-04-14 11:55:22.308  INFO 4376 --- [    Test worker] s.w.s.m.m.a.RequestMappingHandlerMapping : Mapped "{[/shops],methods=[POST],consumes=[application/json]}" onto public java.util.List<com.shop.domain.Shop> com.shop.api.ShopApi.addShops(com.shop.domain.Shops)
2017-04-14 11:55:22.312  INFO 4376 --- [    Test worker] s.w.s.m.m.a.RequestMappingHandlerMapping : Mapped "{[/error]}" onto public org.springframework.http.ResponseEntity<java.util.Map<java.lang.String, java.lang.Object>> org.springframework.boot.autoconfigure.web.BasicErrorController.error(javax.servlet.http.HttpServletRequest)
2017-04-14 11:55:22.313  INFO 4376 --- [    Test worker] s.w.s.m.m.a.RequestMappingHandlerMapping : Mapped "{[/error],produces=[text/html]}" onto public org.springframework.web.servlet.ModelAndView org.springframework.boot.autoconfigure.web.BasicErrorController.errorHtml(javax.servlet.http.HttpServletRequest,javax.servlet.http.HttpServletResponse)
2017-04-14 11:55:22.398  INFO 4376 --- [    Test worker] o.s.w.s.handler.SimpleUrlHandlerMapping  : Mapped URL path [/webjars/**] onto handler of type [class org.springframework.web.servlet.resource.ResourceHttpRequestHandler]
2017-04-14 11:55:22.398  INFO 4376 --- [    Test worker] o.s.w.s.handler.SimpleUrlHandlerMapping  : Mapped URL path [/**] onto handler of type [class org.springframework.web.servlet.resource.ResourceHttpRequestHandler]
2017-04-14 11:55:22.550  INFO 4376 --- [    Test worker] o.s.w.s.handler.SimpleUrlHandlerMapping  : Mapped URL path [/**/favicon.ico] onto handler of type [class org.springframework.web.servlet.resource.ResourceHttpRequestHandler]
2017-04-14 11:55:23.025  INFO 4376 --- [    Test worker] s.b.c.e.t.TomcatEmbeddedServletContainer : Tomcat started on port(s): 8080 (http)
2017-04-14 11:55:23.032  INFO 4376 --- [    Test worker] shopputil.ShopTest                       : Started ShopTest in 6.863 seconds (JVM running for 11.984)
2017-04-14 11:55:23.456  INFO 4376 --- [nio-8080-exec-1] o.a.c.c.C.[.[localhost].[/shop-app]      : Initializing Spring FrameworkServlet 'dispatcherServlet'
2017-04-14 11:55:23.457  INFO 4376 --- [nio-8080-exec-1] o.s.web.servlet.DispatcherServlet        : FrameworkServlet 'dispatcherServlet': initialization started
2017-04-14 11:55:23.488  INFO 4376 --- [nio-8080-exec-1] o.s.web.servlet.DispatcherServlet        : FrameworkServlet 'dispatcherServlet': initialization completed in 31 ms
18.5158057:73.9271644
18.5092075:73.91193029999999
]]></system-out>
  <system-err><![CDATA[]]></system-err>
</testsuite>
